<component name="libraryTable">
  <library name="junit:junit:4.12" type="repository">
    <properties maven-id="junit:junit:4.12" />
    <CLASSES>
      <root url="jar://$MAVEN_REPOSITORY$/junit/junit/4.12/junit-4.12.jar!/" />
      <root url="jar://$MAVEN_REPOSITORY$/org/hamcrest/hamcrest-core/1.3/hamcrest-core-1.3.jar!/" />
      <root url="jar://$USER_HOME$/Downloads/commons-io-2.5/commons-io-2.5.jar!/" />
      <root url="jar://$USER_HOME$/Downloads/commons-lang3-3.6/commons-lang3-3.6.jar!/" />
    </CLASSES>
    <JAVADOC />
    <SOURCES />
  </library>
</component>